<?xml version="1.0" encoding="UTF-8"?>
<testng-results skipped="0" failed="0" ignored="0" total="1" passed="1">
  <reporter-output>
    <line>
      <![CDATA[Launch Browser http://book.theautomatedtester.co.uk/]]>
    </line>
    <line>
      <![CDATA[Click Chapter 1]]>
    </line>
    <line>
      <![CDATA[Click Radio]]>
    </line>
    <line>
      <![CDATA[Select Selenium Codefrom dropdown]]>
    </line>
    <line>
      <![CDATA[Navigate Home Page]]>
    </line>
    <line>
      <![CDATA[Close Browser]]>
    </line>
  </reporter-output>
  <suite name="Default suite" duration-ms="12787" started-at="2020-09-26T08:44:39 CST" finished-at="2020-09-26T08:44:52 CST">
    <groups>
    </groups>
    <test name="Default test" duration-ms="12787" started-at="2020-09-26T08:44:39 CST" finished-at="2020-09-26T08:44:52 CST">
      <class name="com.automatedtester.qa.TC001_Chapter_1_ValidateDropDown_POM">
        <test-method status="PASS" signature="beforeTest()[pri:0, instance:com.automatedtester.qa.TC001_Chapter_1_ValidateDropDown_POM@131276c2]" name="beforeTest" is-config="true" duration-ms="7382" started-at="2020-09-26T08:44:39 CST" finished-at="2020-09-26T08:44:46 CST">
          <reporter-output>
          </reporter-output>
        </test-method> <!-- beforeTest -->
        <test-method status="PASS" signature="TC001()[pri:0, instance:com.automatedtester.qa.TC001_Chapter_1_ValidateDropDown_POM@131276c2]" name="TC001" duration-ms="2772" started-at="2020-09-26T08:44:46 CST" finished-at="2020-09-26T08:44:49 CST">
          <reporter-output>
            <line>
              <![CDATA[Launch Browser http://book.theautomatedtester.co.uk/]]>
            </line>
            <line>
              <![CDATA[Click Chapter 1]]>
            </line>
            <line>
              <![CDATA[Click Radio]]>
            </line>
            <line>
              <![CDATA[Select Selenium Codefrom dropdown]]>
            </line>
            <line>
              <![CDATA[Navigate Home Page]]>
            </line>
          </reporter-output>
        </test-method> <!-- TC001 -->
        <test-method status="PASS" signature="afterTest()[pri:0, instance:com.automatedtester.qa.TC001_Chapter_1_ValidateDropDown_POM@131276c2]" name="afterTest" is-config="true" duration-ms="2573" started-at="2020-09-26T08:44:49 CST" finished-at="2020-09-26T08:44:52 CST">
          <reporter-output>
            <line>
              <![CDATA[Close Browser]]>
            </line>
          </reporter-output>
        </test-method> <!-- afterTest -->
      </class> <!-- com.automatedtester.qa.TC001_Chapter_1_ValidateDropDown_POM -->
    </test> <!-- Default test -->
  </suite> <!-- Default suite -->
</testng-results>
